<?xml version="1.0" encoding="UTF-8"?>
<testsuite name="InsercaoTestes" tests="2" skipped="0" failures="0" errors="0" timestamp="2024-10-20T21:33:42" hostname="eloise-VirtualBox" time="0.488">
  <properties/>
  <testcase name="Deve inserir candidato na lista de candidatos" classname="InsercaoTestes" time="0.478"/>
  <testcase name="Deve inserir empresa na lista de empresas" classname="InsercaoTestes" time="0.007"/>
  <system-out><![CDATA[]]></system-out>
  <system-err><![CDATA[]]></system-err>
</testsuite>
