<?xml version="1.0" encoding="UTF-8"?>
<testsuite name="InsercaoTestes" tests="2" skipped="0" failures="0" errors="0" timestamp="2024-10-06T20:37:43" hostname="eloise" time="0.65">
  <properties/>
  <testcase name="Deve inserir candidato na lista de candidatos" classname="InsercaoTestes" time="0.603"/>
  <testcase name="Deve inserir empresa na lista de empresas" classname="InsercaoTestes" time="0.043"/>
  <system-out><![CDATA[]]></system-out>
  <system-err><![CDATA[]]></system-err>
</testsuite>
